<?xml version="1.0" encoding="UTF-8"?>
<!-- Generated by org.testng.reporters.JUnitXMLReporter -->
<testsuite hostname="DESKTOP-S141Q9Q" ignored="0" tests="1" failures="0" timestamp="29 Jan 2019 17:16:53 GMT" time="0.077" errors="0">
  <testcase name="@BeforeTest setup" time="0.017" classname="LoginTest">
    <failure type="java.lang.Exception" message="Browser is not correct">
      <![CDATA[java.lang.Exception: Browser is not correct
at LoginTest.setup(LoginTest.java:34)
at java.util.concurrent.FutureTask.run(Unknown Source)
at java.util.concurrent.ThreadPoolExecutor.runWorker(Unknown Source)
at java.util.concurrent.ThreadPoolExecutor$Worker.run(Unknown Source)
at java.lang.Thread.run(Unknown Source)
... Removed 15 stack frames]]>
    </failure>
  </testcase> <!-- @BeforeTest setup -->
  <testcase name="testL" time="0.0" classname="LoginTest">
    <skipped/>
  </testcase> <!-- testL -->
</testsuite>
